<?xml version="1.0" encoding="UTF-8"?>
<!-- Generated by org.testng.reporters.JUnitXMLReporter -->
<testsuite hostname="Manab-lenovo-lt" ignored="0" name="Application Test" tests="4" failures="0" timestamp="06 Jun 2021 05:18:15 GMT" time="10.999" errors="0">
  <testcase name="titleTest" time="0.021" classname="testNgsessions.AmazonTest"/>
  <testcase name="logoTest" time="0.099" classname="testNgsessions.OrangeHRMTest"/>
  <testcase name="searchTest" time="1.628" classname="testNgsessions.AmazonTest"/>
  <testcase name="orangeHRMTitleTest" time="0.008" classname="testNgsessions.OrangeHRMTest"/>
</testsuite> <!-- Application Test -->
