<?xml version="1.0" encoding="UTF-8"?>
<!-- Generated by org.testng.reporters.JUnitXMLReporter -->
<testsuite hostname="Manab-lenovo-lt" ignored="0" name="OpenCart Login Test" tests="3" failures="0" timestamp="18 Jun 2021 13:58:58 GMT" time="6.91" errors="0">
  <testcase name="loginTest" time="0.921" classname="testNgsessions.CartLoginTest"/>
  <testcase name="loginTest" time="0.998" classname="testNgsessions.CartLoginTest"/>
  <testcase name="loginTest" time="0.92" classname="testNgsessions.CartLoginTest"/>
</testsuite> <!-- OpenCart Login Test -->
